INFO main org.springframework.web.context.ContextLoader - Root WebApplicationContext: initialization started
INFO main org.springframework.web.context.support.AnnotationConfigWebApplicationContext - Refreshing Root WebApplicationContext: startup date [Wed Nov 02 18:03:35 SGT 2016]; root of context hierarchy
INFO main org.springframework.web.context.support.AnnotationConfigWebApplicationContext - Registering annotated classes: [class com.erian.restexample.springmvc.config.AppConfig,class com.erian.restexample.springmvc.config.DataSourceConfig,class com.erian.restexample.springmvc.config.JpaConfig,class com.erian.restexample.springmvc.config.DataJpaConfig,class com.erian.restexample.springmvc.config.SecurityConfig,class com.erian.restexample.springmvc.config.Jackson2ObjectMapperConfig,class com.erian.restexample.springmvc.config.MessageSourceConfig]
INFO main org.springframework.beans.factory.annotation.AutowiredAnnotationBeanPostProcessor - JSR-330 'javax.inject.Inject' annotation found and supported for autowiring
INFO main org.springframework.jdbc.datasource.embedded.EmbeddedDatabaseFactory - Starting embedded database: url='jdbc:h2:mem:testdb;DB_CLOSE_DELAY=-1;DB_CLOSE_ON_EXIT=false', username='sa'
DEBUG main com.erian.restexample.springmvc.config.JpaConfig -  hibernate.dialect @null
INFO main org.springframework.orm.jpa.LocalContainerEntityManagerFactoryBean - Building JPA container EntityManagerFactory for persistence unit 'default'
INFO main org.hibernate.jpa.internal.util.LogHelper - HHH000204: Processing PersistenceUnitInfo [
	name: default
	...]
INFO main org.hibernate.Version - HHH000412: Hibernate Core {4.3.11.Final}
INFO main org.hibernate.cfg.Environment - HHH000206: hibernate.properties not found
INFO main org.hibernate.cfg.Environment - HHH000021: Bytecode provider name : javassist
INFO main org.hibernate.annotations.common.Version - HCANN000001: Hibernate Commons Annotations {4.0.5.Final}
INFO main org.hibernate.dialect.Dialect - HHH000400: Using dialect: org.hibernate.dialect.H2Dialect
INFO main org.hibernate.hql.internal.ast.ASTQueryTranslatorFactory - HHH000397: Using ASTQueryTranslatorFactory
INFO main org.hibernate.validator.internal.util.Version - HV000001: Hibernate Validator 5.2.4.Final
INFO main org.hibernate.tool.hbm2ddl.SchemaExport - HHH000227: Running hbm2ddl schema export
INFO main org.hibernate.tool.hbm2ddl.SchemaExport - HHH000230: Schema export complete
INFO main org.springframework.security.web.DefaultSecurityFilterChain - Creating filter chain: Ant [pattern='/**/*.html'], []
INFO main org.springframework.security.web.DefaultSecurityFilterChain - Creating filter chain: Ant [pattern='/css/**'], []
INFO main org.springframework.security.web.DefaultSecurityFilterChain - Creating filter chain: Ant [pattern='/js/**'], []
INFO main org.springframework.security.web.DefaultSecurityFilterChain - Creating filter chain: Ant [pattern='/i18n/**'], []
INFO main org.springframework.security.web.DefaultSecurityFilterChain - Creating filter chain: Ant [pattern='/libs/**'], []
INFO main org.springframework.security.web.DefaultSecurityFilterChain - Creating filter chain: Ant [pattern='/img/**'], []
INFO main org.springframework.security.web.DefaultSecurityFilterChain - Creating filter chain: Ant [pattern='/webjars/**'], []
INFO main org.springframework.security.web.DefaultSecurityFilterChain - Creating filter chain: Ant [pattern='/ico/**'], []
DEBUG main org.springframework.security.web.access.expression.ExpressionBasedFilterInvocationSecurityMetadataSource - Adding web access control expression 'permitAll', for Ant [pattern='/api/ping']
DEBUG main org.springframework.security.web.access.expression.ExpressionBasedFilterInvocationSecurityMetadataSource - Adding web access control expression 'authenticated', for Ant [pattern='/api/**']
DEBUG main org.springframework.security.web.access.expression.ExpressionBasedFilterInvocationSecurityMetadataSource - Adding web access control expression 'permitAll', for org.springframework.security.web.util.matcher.AnyRequestMatcher@1
DEBUG main org.springframework.security.web.access.intercept.FilterSecurityInterceptor - Validated configuration attributes
DEBUG main org.springframework.security.web.access.intercept.FilterSecurityInterceptor - Validated configuration attributes
INFO main org.springframework.security.web.DefaultSecurityFilterChain - Creating filter chain: org.springframework.security.web.util.matcher.AnyRequestMatcher@1, [org.springframework.security.web.context.request.async.WebAsyncManagerIntegrationFilter@12b962b1, org.springframework.security.web.context.SecurityContextPersistenceFilter@44eda25b, org.springframework.security.web.header.HeaderWriterFilter@69a14512, org.springframework.security.web.authentication.logout.LogoutFilter@29f3ea39, org.springframework.security.web.authentication.www.BasicAuthenticationFilter@65bc50c9, org.springframework.security.web.savedrequest.RequestCacheAwareFilter@6965c32, org.springframework.security.web.servletapi.SecurityContextHolderAwareRequestFilter@5aa0e9c6, org.springframework.security.web.authentication.AnonymousAuthenticationFilter@15844237, org.springframework.security.web.session.SessionManagementFilter@54c9c09c, org.springframework.security.web.access.ExceptionTranslationFilter@13198b8e, org.springframework.security.web.access.intercept.FilterSecurityInterceptor@528070fe]
INFO main org.springframework.web.context.ContextLoader - Root WebApplicationContext: initialization completed in 3685 ms
INFO main org.springframework.web.servlet.DispatcherServlet - FrameworkServlet 'dispatcher': initialization started
INFO main org.springframework.web.context.support.AnnotationConfigWebApplicationContext - Refreshing WebApplicationContext for namespace 'dispatcher-servlet': startup date [Wed Nov 02 18:03:39 SGT 2016]; parent: Root WebApplicationContext
INFO main org.springframework.web.context.support.AnnotationConfigWebApplicationContext - Registering annotated classes: [class com.erian.restexample.springmvc.config.WebConfig,class com.erian.restexample.springmvc.config.SwaggerConfig]
INFO main org.springframework.beans.factory.annotation.AutowiredAnnotationBeanPostProcessor - JSR-330 'javax.inject.Inject' annotation found and supported for autowiring
INFO main org.springframework.web.servlet.mvc.method.annotation.RequestMappingHandlerMapping - Mapped "{[/api/ping]}" onto public org.springframework.http.ResponseEntity<com.erian.restexample.springmvc.model.ResponseMessage> com.erian.restexample.springmvc.api.PingController.ping()
INFO main org.springframework.web.servlet.mvc.method.annotation.RequestMappingHandlerMapping - Mapped "{[/api/comments/{id}],methods=[DELETE]}" onto public org.springframework.http.ResponseEntity<java.lang.Void> com.erian.restexample.springmvc.api.post.CommentController.deleteComment(java.lang.Long)
INFO main org.springframework.web.servlet.mvc.method.annotation.RequestMappingHandlerMapping - Mapped "{[/api/posts/{id}],methods=[GET]}" onto public org.springframework.http.ResponseEntity<com.erian.restexample.springmvc.model.PostDetails> com.erian.restexample.springmvc.api.post.PostController.getPost(java.lang.Long)
INFO main org.springframework.web.servlet.mvc.method.annotation.RequestMappingHandlerMapping - Mapped "{[/api/posts/{id}/comments],methods=[POST]}" onto public org.springframework.http.ResponseEntity<com.erian.restexample.springmvc.model.ResponseMessage> com.erian.restexample.springmvc.api.post.PostController.createCommentOfPost(java.lang.Long,com.erian.restexample.springmvc.model.CommentForm)
INFO main org.springframework.web.servlet.mvc.method.annotation.RequestMappingHandlerMapping - Mapped "{[/api/posts/{id}/comments],methods=[GET]}" onto public org.springframework.http.ResponseEntity<org.springframework.data.domain.Page<com.erian.restexample.springmvc.model.CommentDetails>> com.erian.restexample.springmvc.api.post.PostController.getCommentsOfPost(java.lang.Long,org.springframework.data.domain.Pageable)
INFO main org.springframework.web.servlet.mvc.method.annotation.RequestMappingHandlerMapping - Mapped "{[/api/posts],methods=[GET]}" onto public org.springframework.http.ResponseEntity<org.springframework.data.domain.Page<com.erian.restexample.springmvc.model.PostDetails>> com.erian.restexample.springmvc.api.post.PostController.getAllPosts(java.lang.String,com.erian.restexample.springmvc.domain.Post$Status,org.springframework.data.domain.Pageable)
INFO main org.springframework.web.servlet.mvc.method.annotation.RequestMappingHandlerMapping - Mapped "{[/api/posts],methods=[POST]}" onto public org.springframework.http.ResponseEntity<com.erian.restexample.springmvc.model.ResponseMessage> com.erian.restexample.springmvc.api.post.PostController.createPost(com.erian.restexample.springmvc.model.PostForm,org.springframework.validation.BindingResult)
INFO main org.springframework.web.servlet.mvc.method.annotation.RequestMappingHandlerMapping - Mapped "{[/api/posts/{id}],methods=[DELETE]}" onto public org.springframework.http.ResponseEntity<com.erian.restexample.springmvc.model.ResponseMessage> com.erian.restexample.springmvc.api.post.PostController.deletePostById(java.lang.Long)
INFO main org.springframework.web.servlet.mvc.method.annotation.RequestMappingHandlerMapping - Mapped "{[/api/me]}" onto public org.springframework.http.ResponseEntity<java.util.Map<java.lang.String, java.lang.Object>> com.erian.restexample.springmvc.api.UserController.user(java.security.Principal)
INFO main org.springframework.web.servlet.mvc.method.annotation.RequestMappingHandlerMapping - Mapped "{[/v2/api-docs],methods=[GET],produces=[application/json || application/hal+json]}" onto public org.springframework.http.ResponseEntity<springfox.documentation.spring.web.json.Json> springfox.documentation.swagger2.web.Swagger2Controller.getDocumentation(java.lang.String,javax.servlet.http.HttpServletRequest)
INFO main org.springframework.web.servlet.mvc.method.annotation.RequestMappingHandlerMapping - Mapped "{[/swagger-resources/configuration/security]}" onto org.springframework.http.ResponseEntity<springfox.documentation.swagger.web.SecurityConfiguration> springfox.documentation.swagger.web.ApiResourceController.securityConfiguration()
INFO main org.springframework.web.servlet.mvc.method.annotation.RequestMappingHandlerMapping - Mapped "{[/swagger-resources]}" onto org.springframework.http.ResponseEntity<java.util.List<springfox.documentation.swagger.web.SwaggerResource>> springfox.documentation.swagger.web.ApiResourceController.swaggerResources()
INFO main org.springframework.web.servlet.mvc.method.annotation.RequestMappingHandlerMapping - Mapped "{[/swagger-resources/configuration/ui]}" onto org.springframework.http.ResponseEntity<springfox.documentation.swagger.web.UiConfiguration> springfox.documentation.swagger.web.ApiResourceController.uiConfiguration()
INFO main org.springframework.web.servlet.mvc.method.annotation.ExceptionHandlerExceptionResolver - Detected @ExceptionHandler methods in restExceptionHandler
INFO main org.springframework.web.servlet.handler.SimpleUrlHandlerMapping - Mapped URL path [/swagger-ui.html] onto handler of type [class org.springframework.web.servlet.resource.ResourceHttpRequestHandler]
INFO main org.springframework.web.servlet.handler.SimpleUrlHandlerMapping - Mapped URL path [/webjars/**] onto handler of type [class org.springframework.web.servlet.resource.ResourceHttpRequestHandler]
INFO main org.springframework.web.servlet.handler.SimpleUrlHandlerMapping - Mapped URL path [/**] onto handler of type [class org.springframework.web.servlet.resource.DefaultServletHttpRequestHandler]
INFO main org.springframework.web.servlet.mvc.method.annotation.RequestMappingHandlerAdapter - Looking for @ControllerAdvice: WebApplicationContext for namespace 'dispatcher-servlet': startup date [Wed Nov 02 18:03:39 SGT 2016]; parent: Root WebApplicationContext
INFO main org.springframework.context.support.DefaultLifecycleProcessor - Starting beans in phase 2147483647
INFO main springfox.documentation.spring.web.plugins.DocumentationPluginsBootstrapper - Context refreshed
INFO main springfox.documentation.spring.web.plugins.DocumentationPluginsBootstrapper - Found 1 custom documentation plugin(s)
INFO main springfox.documentation.spring.web.scanners.ApiListingReferenceScanner - Scanning for api listing references
INFO main org.springframework.web.servlet.DispatcherServlet - FrameworkServlet 'dispatcher': initialization completed in 2142 ms
INFO ShutdownMonitor org.springframework.web.context.support.AnnotationConfigWebApplicationContext - Closing WebApplicationContext for namespace 'dispatcher-servlet': startup date [Wed Nov 02 18:03:39 SGT 2016]; parent: Root WebApplicationContext
INFO ShutdownMonitor org.springframework.context.support.DefaultLifecycleProcessor - Stopping beans in phase 2147483647
